#
# An unexpected error has been detected by Java Runtime Environment:
#
#  EXCEPTION_ACCESS_VIOLATION (0xc0000005) at pc=0x00000000031a22f0, pid=9108, tid=7164
#
# Java VM: Java HotSpot(TM) 64-Bit Server VM (1.6.0-b105 mixed mode)
# Problematic frame:
# C  [hg.dll+0x1022f0]
#
# If you would like to submit a bug report, please visit:
#   http://java.sun.com/webapps/bugreport/crash.jsp
#

---------------  T H R E A D  ---------------

Current thread (0x0000000003f5fc00):  JavaThread "main" [_thread_in_native, id=7164]

siginfo: ExceptionCode=0xc0000005, reading address 0x0000000000000158

Registers:
EAX=0x0000000000000010, EBX=0x0000000000000000, ECX=0x0000000000000000, EDX=0x0000000035ae7bd0
ESP=0x00000000010250f8, EBP=0x0000000000000000, ESI=0x0000000003204584, EDI=0x0000000003204584
EIP=0x00000000031a22f0, EFLAGS=0x0000000000010202

Top of Stack: (sp=0x00000000010250f8)
0x00000000010250f8:   00000000031b7186 0000000000000000
0x0000000001025108:   0000000000000000 0000000003204584
0x0000000001025118:   0000000000000001 0000000015585010
0x0000000001025128:   0000000000000000 000000001d4f8e18
0x0000000001025138:   0000000003146e5d 0000000045ed3310
0x0000000001025148:   0000000000000000 0000000001025270
0x0000000001025158:   0000000003f5fc00 0000000005da4aa0
0x0000000001025168:   0000000002fb9e4d 0000000005da5900
0x0000000001025178:   0000000001025288 00000000fffffffe
0x0000000001025188:   0000000003eef580 fffffffffffffffe
0x0000000001025198:   000000000f1d6b92 00000000122a2f7a
0x00000000010251a8:   0000000003c45e1b 0000000001025270
0x00000000010251b8:   0000000000000000 0000000003eef608
0x00000000010251c8:   0000000003eef608 0000000015584080
0x00000000010251d8:   00000000033218ef 00000000010252d0
0x00000000010251e8:   0000000015584080 000000001d4f8e18 

Instructions: (pc=0x00000000031a22f0)
0x00000000031a22e0:   48 8b 81 e0 01 00 00 c3 cc cc cc cc cc cc cc cc
0x00000000031a22f0:   48 8b 81 58 01 00 00 c3 cc cc cc cc cc cc cc cc 


Stack: [0x0000000000030000,0x0000000001030000),  sp=0x00000000010250f8,  free space=16340k
Native frames: (J=compiled Java code, j=interpreted, Vv=VM code, C=native code)
C  [hg.dll+0x1022f0]

[error occurred during error reporting, step 120, id 0xc0000005]

Java frames: (J=compiled Java code, j=interpreted, Vv=VM code)
j  com.mathworks.jmi.NativeMatlab.ProcessPendingEvents()Z+0
j  com.mathworks.jmi.NativeMatlab.processPendingEvents()Z+8
j  com.mathworks.jmi.Matlab$ProcessPendingEvents.callBooleanMethod(Ljava/lang/Object;)Z+0
j  com.mathworks.util.FactoryUtils.processPendingEvents()Z+12
j  com.mathworks.mde.desk.MLDesktop.canClose()Z+84
v  ~StubRoutines::call_stub
j  sun.reflect.NativeMethodAccessorImpl.invoke0(Ljava/lang/reflect/Method;Ljava/lang/Object;[Ljava/lang/Object;)Ljava/lang/Object;+0
j  sun.reflect.NativeMethodAccessorImpl.invoke(Ljava/lang/Object;[Ljava/lang/Object;)Ljava/lang/Object;+87
J  java.lang.reflect.Method.invoke(Ljava/lang/Object;[Ljava/lang/Object;)Ljava/lang/Object;
j  com.mathworks.jmi.Matlab.isOkToExit()Z+69
v  ~StubRoutines::call_stub
j  com.mathworks.jmi.NativeMatlab.SendMatlabMessage(Ljava/lang/Object;)Ljava/lang/Object;+0
j  com.mathworks.jmi.NativeMatlab.sendMatlabMessage(Ljava/lang/Object;)Ljava/lang/Object;+22
j  com.mathworks.jmi.MatlabLooper.sendMatlabMessage(Lcom/mathworks/services/message/MWMessage;)Ljava/lang/Object;+20
j  com.mathworks.jmi.Matlab.mtFevalConsoleOutput(Ljava/lang/String;[Ljava/lang/Object;I)Ljava/lang/Object;+58
j  com.mathworks.mde.desk.MLDesktop$5.run()V+14
j  com.mathworks.jmi.NativeMatlab.dispatchMTRequests(Z)V+50
v  ~StubRoutines::call_stub

---------------  P R O C E S S  ---------------

Java Threads: ( => current thread )
  0x0000000011ddac00 JavaThread "Timer-6" [_thread_blocked, id=8236]
  0x0000000011dd6c00 JavaThread "Timer-5" [_thread_blocked, id=2004]
  0x0000000011dd6000 JavaThread "Prefs Updater" [_thread_blocked, id=3876]
  0x0000000011dd5800 JavaThread "Thread-6" [_thread_blocked, id=4248]
  0x0000000011dd5000 JavaThread "Thread-5" [_thread_blocked, id=8876]
  0x000000003adf3800 JavaThread "Active Reference Queue Daemon" daemon [_thread_blocked, id=5540]
  0x000000003ac47000 JavaThread "Timer-2" daemon [_thread_blocked, id=8520]
  0x000000003aca8c00 JavaThread "Timer-1" daemon [_thread_blocked, id=4104]
  0x000000003aa86400 JavaThread "TimerQueue" daemon [_thread_blocked, id=6800]
  0x0000000011c87800 JavaThread "AWT-EventQueue-0" [_thread_in_vm, id=4808]
  0x000000000fddf000 JavaThread "AWT-Windows" daemon [_thread_in_native, id=7392]
  0x0000000011b93c00 JavaThread "AWT-Shutdown" [_thread_blocked, id=3940]
  0x0000000011bbb800 JavaThread "Java2D Disposer" daemon [_thread_blocked, id=8792]
  0x0000000011398000 JavaThread "Timer-0" [_thread_blocked, id=9004]
  0x000000000fdf6c00 JavaThread "Low Memory Detector" daemon [_thread_blocked, id=3412]
  0x000000000fdf4800 JavaThread "CompilerThread1" daemon [_thread_in_native, id=7612]
  0x000000000fdeec00 JavaThread "CompilerThread0" daemon [_thread_blocked, id=7688]
  0x000000000fdee400 JavaThread "Attach Listener" daemon [_thread_blocked, id=4796]
  0x000000000fdc3800 JavaThread "Finalizer" daemon [_thread_blocked, id=4332]
  0x000000000fdbdc00 JavaThread "Reference Handler" daemon [_thread_blocked, id=936]
=>0x0000000003f5fc00 JavaThread "main" [_thread_in_native, id=7164]

Other Threads:
  0x000000000fdba400 VMThread [id=7656]
  0x000000000fdf7800 WatcherThread [id=6616]

VM state:not at safepoint (normal execution)

VM Mutex/Monitor currently owned by a thread:  ([mutex/lock_event])
[0x0000000003eecdc0/0x0000000000000388] CodeCache_lock - owner thread: 0x0000000011c87800
[0x0000000003f5f140/0x0000000000000488] Compile_lock - owner thread: 0x0000000011c87800

Heap
 PSYoungGen      total 8000K, used 1341K [0x00000000265a0000, 0x0000000027520000, 0x00000000296a0000)
  eden space 7552K, 12% used [0x00000000265a0000,0x0000000026687510,0x0000000026d00000)
  from space 448K, 92% used [0x0000000026d10000,0x0000000026d78000,0x0000000026d80000)
  to   space 4160K, 0% used [0x0000000027110000,0x0000000027110000,0x0000000027520000)
 PSOldGen        total 76992K, used 57840K [0x000000001d2a0000, 0x0000000021dd0000, 0x00000000265a0000)
  object space 76992K, 75% used [0x000000001d2a0000,0x0000000020b1c178,0x0000000021dd0000)
 PSPermGen       total 73280K, used 45565K [0x00000000152a0000, 0x0000000019a30000, 0x000000001d2a0000)
  object space 73280K, 62% used [0x00000000152a0000,0x0000000017f1f470,0x0000000019a30000)

Dynamic libraries:
0x0000000140000000 - 0x0000000140138000 	C:\Program Files\MATLAB\R2008a\bin\win64\MATLAB.exe
0x0000000077740000 - 0x00000000778e9000 	C:\windows\SYSTEM32\ntdll.dll
0x00000000711d0000 - 0x000000007121d000 	C:\Program Files\AVAST Software\Avast\snxhk64.dll
0x0000000077520000 - 0x000000007763f000 	C:\windows\system32\KERNEL32.dll
0x000007fefd5e0000 - 0x000007fefd64b000 	C:\windows\system32\KERNELBASE.dll
0x0000000180000000 - 0x0000000180401000 	C:\Program Files\MATLAB\R2008a\bin\win64\libut.dll
0x000007fefe330000 - 0x000007fefe349000 	C:\windows\system32\imagehlp.dll
0x000007feff9b0000 - 0x000007feffa4f000 	C:\windows\system32\msvcrt.dll
0x000007feff770000 - 0x000007feff84b000 	C:\windows\system32\ADVAPI32.dll
0x000007fefd9f0000 - 0x000007fefda0f000 	C:\windows\SYSTEM32\sechost.dll
0x000007fefe190000 - 0x000007fefe2bd000 	C:\windows\system32\RPCRT4.dll
0x0000000077900000 - 0x0000000077907000 	C:\windows\system32\PSAPI.DLL
0x0000000001320000 - 0x0000000001348000 	C:\Program Files\MATLAB\R2008a\bin\win64\LIBEXPAT.dll
0x000000006f430000 - 0x000000006f4f9000 	C:\windows\WinSxS\amd64_microsoft.vc80.crt_1fc8b3b9a1e18e3b_8.0.50727.6195_none_88e41e092fab0294\MSVCR80.dll
0x000000004a800000 - 0x000000004a917000 	C:\Program Files\MATLAB\R2008a\bin\win64\icuuc36.dll
0x0000000001360000 - 0x0000000001363000 	C:\Program Files\MATLAB\R2008a\bin\win64\icudt36.dll
0x000000004ab00000 - 0x000000004ab0f000 	C:\Program Files\MATLAB\R2008a\bin\win64\icuio36.dll
0x0000000001390000 - 0x0000000001496000 	C:\Program Files\MATLAB\R2008a\bin\win64\icuin36.dll
0x000000006ee90000 - 0x000000006ef99000 	C:\windows\WinSxS\amd64_microsoft.vc80.crt_1fc8b3b9a1e18e3b_8.0.50727.6195_none_88e41e092fab0294\MSVCP80.dll
0x0000000077640000 - 0x000000007773a000 	C:\windows\system32\USER32.dll
0x000007fefe2c0000 - 0x000007fefe327000 	C:\windows\system32\GDI32.dll
0x000007feff410000 - 0x000007feff41e000 	C:\windows\system32\LPK.dll
0x000007fefd920000 - 0x000007fefd9e9000 	C:\windows\system32\USP10.dll
0x00000000014e0000 - 0x0000000001654000 	C:\Program Files\MATLAB\R2008a\bin\win64\libmwservices.dll
0x0000000001670000 - 0x00000000016e0000 	C:\Program Files\MATLAB\R2008a\bin\win64\libmx.dll
0x00000000016f0000 - 0x0000000001707000 	C:\Program Files\MATLAB\R2008a\bin\win64\zlib1.dll
0x0000000001710000 - 0x00000000017b8000 	C:\Program Files\MATLAB\R2008a\bin\win64\libmwmathutil.dll
0x00000000017d0000 - 0x0000000001825000 	C:\Program Files\MATLAB\R2008a\bin\win64\mpath.dll
0x0000000001840000 - 0x0000000001861000 	C:\Program Files\MATLAB\R2008a\bin\win64\mlutil.dll
0x000007fefa380000 - 0x000007fefa420000 	C:\windows\WinSxS\amd64_microsoft.windows.common-controls_6595b64144ccf1df_5.82.7601.18201_none_a4d3b9377117c3df\COMCTL32.dll
0x000007fefdbf0000 - 0x000007fefdc87000 	C:\windows\system32\comdlg32.dll
0x000007feff380000 - 0x000007feff3f1000 	C:\windows\system32\SHLWAPI.dll
0x000007fefe590000 - 0x000007feff318000 	C:\windows\system32\SHELL32.dll
0x000007fefaba0000 - 0x000007fefabb6000 	C:\windows\system32\NETAPI32.dll
0x000007fefab30000 - 0x000007fefab3c000 	C:\windows\system32\netutils.dll
0x000007fefcf90000 - 0x000007fefcfb3000 	C:\windows\system32\srvcli.dll
0x000007fefab10000 - 0x000007fefab25000 	C:\windows\system32\wkscli.dll
0x000007fefdfc0000 - 0x000007fefe00d000 	C:\windows\system32\WS2_32.dll
0x000007feff400000 - 0x000007feff408000 	C:\windows\system32\NSI.dll
0x0000000001880000 - 0x00000000018d5000 	C:\Program Files\MATLAB\R2008a\bin\win64\mcr.dll
0x00000000018f0000 - 0x0000000001915000 	C:\Program Files\MATLAB\R2008a\bin\win64\iqm.dll
0x0000000001930000 - 0x0000000001951000 	C:\Program Files\MATLAB\R2008a\bin\win64\bridge.dll
0x0000000001970000 - 0x0000000001981000 	C:\Program Files\MATLAB\R2008a\bin\win64\libmex.dll
0x00000000019a0000 - 0x0000000001a2c000 	C:\Program Files\MATLAB\R2008a\bin\win64\m_dispatcher.dll
0x0000000001a40000 - 0x0000000001a65000 	C:\Program Files\MATLAB\R2008a\bin\win64\datasvcs.dll
0x0000000012000000 - 0x0000000012295000 	C:\Program Files\MATLAB\R2008a\bin\win64\xerces-c_2_7.dll
0x0000000001a90000 - 0x0000000002321000 	C:\Program Files\MATLAB\R2008a\bin\win64\m_interpreter.dll
0x0000000002340000 - 0x0000000002371000 	C:\Program Files\MATLAB\R2008a\bin\win64\libmat.dll
0x0000000002390000 - 0x0000000002495000 	C:\Program Files\MATLAB\R2008a\bin\win64\libhdf5.dll
0x00000000024a0000 - 0x000000000250f000 	C:\Program Files\MATLAB\R2008a\bin\win64\profiler.dll
0x0000000002520000 - 0x000000000252a000 	C:\Program Files\MATLAB\R2008a\bin\win64\libmwmathrng.dll
0x0000000002540000 - 0x000000000255a000 	C:\Program Files\MATLAB\R2008a\bin\win64\m_pcodeio.dll
0x0000000002570000 - 0x00000000025ba000 	C:\Program Files\MATLAB\R2008a\bin\win64\m_ir.dll
0x00000000025d0000 - 0x0000000002b8b000 	C:\Program Files\MATLAB\R2008a\bin\win64\m_parser.dll
0x0000000002ba0000 - 0x0000000002bb2000 	C:\Program Files\MATLAB\R2008a\bin\win64\ir_xfmr.dll
0x0000000002bd0000 - 0x0000000002deb000 	C:\Program Files\MATLAB\R2008a\bin\win64\mcos.dll
0x0000000002e00000 - 0x0000000002e0c000 	C:\Program Files\MATLAB\R2008a\bin\win64\mtok.dll
0x0000000002e20000 - 0x0000000002e40000 	C:\Program Files\MATLAB\R2008a\bin\win64\m_pcodegen.dll
0x000007fefacd0000 - 0x000007fefadf5000 	C:\windows\system32\dbghelp.dll
0x0000000002e50000 - 0x0000000002e60000 	C:\Program Files\MATLAB\R2008a\bin\win64\boost_thread-vc80-mt-1_34_1.dll
0x0000000002e70000 - 0x0000000002f30000 	C:\Program Files\MATLAB\R2008a\bin\win64\udd.dll
0x0000000002f40000 - 0x0000000003082000 	C:\Program Files\MATLAB\R2008a\bin\win64\libmwgui.dll
0x00000000030a0000 - 0x00000000032da000 	C:\Program Files\MATLAB\R2008a\bin\win64\hg.dll
0x00000000032f0000 - 0x0000000003346000 	C:\Program Files\MATLAB\R2008a\bin\win64\jmi.dll
0x0000000003360000 - 0x000000000339e000 	C:\Program Files\MATLAB\R2008a\bin\win64\libmwhardcopy.dll
0x00000000033b0000 - 0x000000000340c000 	C:\Program Files\MATLAB\R2008a\bin\win64\libuij.dll
0x0000000003420000 - 0x00000000036ac000 	C:\Program Files\MATLAB\R2008a\bin\win64\numerics.dll
0x00000000036c0000 - 0x00000000036cc000 	C:\Program Files\MATLAB\R2008a\bin\win64\libmwblas.dll
0x00000000036e0000 - 0x00000000036ef000 	C:\Program Files\MATLAB\R2008a\bin\win64\libmwbinder.dll
0x0000000003700000 - 0x0000000003724000 	C:\Program Files\MATLAB\R2008a\bin\win64\libmwlapack.dll
0x0000000003740000 - 0x000000000374b000 	C:\Program Files\MATLAB\R2008a\bin\win64\libmwfftw.dll
0x0000000003760000 - 0x0000000003795000 	C:\Program Files\MATLAB\R2008a\bin\win64\libmwrookfastbp.dll
0x00000000037b0000 - 0x00000000037de000 	C:\Program Files\MATLAB\R2008a\bin\win64\libmwma57.dll
0x0000000010000000 - 0x00000000100d3000 	C:\Program Files\MATLAB\R2008a\bin\win64\libifcoremd.dll
0x00000000037f0000 - 0x0000000003a0d000 	C:\Program Files\MATLAB\R2008a\bin\win64\libmmd.dll
0x0000000003a10000 - 0x0000000003a19000 	C:\Program Files\MATLAB\R2008a\bin\win64\libmwcsparse.dll
0x0000000003a30000 - 0x0000000003afa000 	C:\Program Files\MATLAB\R2008a\bin\win64\libmwumfpack.dll
0x0000000003b10000 - 0x0000000003b1d000 	C:\Program Files\MATLAB\R2008a\bin\win64\libmwamd.dll
0x0000000003b30000 - 0x0000000003bc2000 	C:\Program Files\MATLAB\R2008a\bin\win64\libmwcholmod.dll
0x0000000003be0000 - 0x0000000003bec000 	C:\Program Files\MATLAB\R2008a\bin\win64\libmwcolamd.dll
0x0000000003c00000 - 0x0000000003cb9000 	C:\Program Files\MATLAB\R2008a\bin\win64\uiw.dll
0x0000000003cd0000 - 0x0000000003cda000 	C:\Program Files\MATLAB\R2008a\bin\win64\uinone.dll
0x0000000064030000 - 0x00000000641cc000 	C:\windows\WinSxS\amd64_microsoft.vc80.mfc_1fc8b3b9a1e18e3b_8.0.50727.6195_none_8448b2bd328df189\MFC80.DLL
0x000007fefa7f0000 - 0x000007fefa861000 	C:\windows\system32\WINSPOOL.DRV
0x000007feff560000 - 0x000007feff763000 	C:\windows\system32\ole32.dll
0x000007fefe0b0000 - 0x000007fefe187000 	C:\windows\system32\OLEAUT32.dll
0x0000000003cf0000 - 0x0000000003d80000 	C:\Program Files\MATLAB\R2008a\bin\win64\udd_mi.dll
0x0000000003d90000 - 0x0000000003da8000 	C:\Program Files\MATLAB\R2008a\bin\win64\mwoles05.DLL
0x0000000003dc0000 - 0x0000000003e29000 	C:\Program Files\MATLAB\R2008a\bin\win64\comcli.dll
0x00000000632c0000 - 0x00000000632e0000 	C:\windows\WinSxS\amd64_microsoft.vc80.atl_1fc8b3b9a1e18e3b_8.0.50727.6195_none_8a1dd9552ed7f8d8\ATL80.DLL
0x0000000003e40000 - 0x0000000003e4e000 	C:\Program Files\MATLAB\R2008a\bin\win64\mlautoregister.dll
0x000007feff530000 - 0x000007feff55e000 	C:\windows\system32\IMM32.DLL
0x000007feff420000 - 0x000007feff529000 	C:\windows\system32\MSCTF.dll
0x0000000007620000 - 0x0000000007fee000 	C:\Program Files\MATLAB\R2008a\bin\win64\mkl.dll
0x0000000003ff0000 - 0x000000000403b000 	C:\Program Files\MATLAB\R2008a\bin\win64\libguide40.dll
0x0000000003eb0000 - 0x0000000003eb8000 	C:\Program Files\MATLAB\R2008a\bin\win64\mklcompat.dll
0x0000000007ff0000 - 0x0000000008597000 	C:\Program Files\MATLAB\R2008a\bin\win64\mllapack.dll
0x00000000070d0000 - 0x00000000071c4000 	C:\Program Files\MATLAB\R2008a\bin\win64\libfftw3i.dll
0x00000000071d0000 - 0x00000000072be000 	C:\Program Files\MATLAB\R2008a\bin\win64\libfftw3f.dll
0x0000000074e50000 - 0x0000000074e5b000 	C:\windows\WinSxS\amd64_microsoft.vc80.mfcloc_1fc8b3b9a1e18e3b_8.0.50727.6195_none_bc20f59b0bdd1acd\MFC80JPN.DLL
0x000007fefb9a0000 - 0x000007fefb9f6000 	C:\windows\system32\uxtheme.dll
0x000007fefd380000 - 0x000007fefd3d7000 	C:\windows\system32\apphelp.dll
0x000007fef85e0000 - 0x000007fef8709000 	C:\windows\system32\imjp14.ime
0x0000000073180000 - 0x0000000073223000 	C:\windows\WinSxS\amd64_microsoft.vc90.crt_1fc8b3b9a1e18e3b_9.0.30729.6161_none_08e61857a83bc251\MSVCR90.dll
0x00000000730a0000 - 0x0000000073173000 	C:\windows\WinSxS\amd64_microsoft.vc90.crt_1fc8b3b9a1e18e3b_9.0.30729.6161_none_08e61857a83bc251\MSVCP90.dll
0x000007fef7b60000 - 0x000007fef7cce000 	C:\windows\system32\imjp14k.dll
0x000007fefc5e0000 - 0x000007fefc5ec000 	C:\windows\system32\VERSION.dll
0x000007fefd4f0000 - 0x000007fefd4ff000 	C:\windows\system32\profapi.dll
0x000007fefd3e0000 - 0x000007fefd3ef000 	C:\windows\system32\CRYPTBASE.dll
0x000007fefbf50000 - 0x000007fefc144000 	C:\windows\WinSxS\amd64_microsoft.windows.common-controls_6595b64144ccf1df_6.0.7601.17514_none_fa396087175ac9ac\comctl32.dll
0x000007fefda10000 - 0x000007fefdbe7000 	C:\windows\system32\SETUPAPI.dll
0x000007fefd890000 - 0x000007fefd8c6000 	C:\windows\system32\CFGMGR32.dll
0x000007fefd5c0000 - 0x000007fefd5da000 	C:\windows\system32\DEVOBJ.dll
0x000007fefe010000 - 0x000007fefe0a9000 	C:\windows\system32\CLBCatQ.DLL
0x000007fefbb60000 - 0x000007fefbc8c000 	C:\windows\system32\propsys.dll
0x000007fefbc90000 - 0x000007fefbcbd000 	C:\windows\system32\ntmarta.dll
0x000007feff320000 - 0x000007feff372000 	C:\windows\system32\WLDAP32.dll
0x000007fefabe0000 - 0x000007fefac07000 	C:\windows\system32\iphlpapi.dll
0x000007fefabc0000 - 0x000007fefabcb000 	C:\windows\system32\WINNSI.DLL
0x000007fefcb90000 - 0x000007fefcbeb000 	C:\windows\system32\DNSAPI.dll
0x000007fefa1f0000 - 0x000007fefa201000 	C:\windows\system32\dhcpcsvc6.DLL
0x000007fef9fc0000 - 0x000007fef9fd8000 	C:\windows\system32\dhcpcsvc.DLL
0x0000000074e40000 - 0x0000000074e43000 	C:\windows\system32\icmp.Dll
0x000000000f060000 - 0x000000000f5b1000 	C:\Program Files\MATLAB\R2008a\sys\java\jre\win64\jre1.6.0\bin\server\jvm.dll
0x000007fefbb00000 - 0x000007fefbb3b000 	C:\windows\system32\WINMM.dll
0x0000000006f80000 - 0x0000000006f8a000 	C:\Program Files\MATLAB\R2008a\sys\java\jre\win64\jre1.6.0\bin\hpi.dll
0x0000000007020000 - 0x000000000702e000 	C:\Program Files\MATLAB\R2008a\sys\java\jre\win64\jre1.6.0\bin\verify.dll
0x0000000007030000 - 0x0000000007057000 	C:\Program Files\MATLAB\R2008a\sys\java\jre\win64\jre1.6.0\bin\java.dll

VM Arguments:
jvm_args: -Xss512k -XX:PermSize=32M -Xms64m -XX:NewRatio=3 -XX:MaxPermSize=128M -Xmx196m -XX:MaxDirectMemorySize=2147400000 -Dsun.java2d.noddraw=true -Dsun.awt.nopixfmt=true -Xshare:off -Xrs -Djava.library.path=C:\Program Files\MATLAB\R2008a\bin\win64 vfprintf abort
java_command: <unknown>
Launcher Type: generic

Environment Variables:
CLASSPATH=.;C:\Program Files (x86)\Java\jre7\lib\ext\QTJava.zip
PATH=C:\Program Files\Common Files\Microsoft Shared\Windows Live;C:\Program Files (x86)\Common Files\Microsoft Shared\Windows Live;c:\Program Files (x86)\Intel\iCLS Client\;c:\Program Files\Intel\iCLS Client\;C:\Program Files (x86)\NVIDIA Corporation\PhysX\Common;C:\windows\system32;C:\windows;C:\windows\System32\Wbem;C:\windows\System32\WindowsPowerShell\v1.0\;C:\Program Files\Intel\Intel(R) Management Engine Components\DAL;C:\Program Files\Intel\Intel(R) Management Engine Components\IPT;C:\Program Files (x86)\Intel\Intel(R) Management Engine Components\DAL;C:\Program Files (x86)\Intel\Intel(R) Management Engine Components\IPT;C:\Program Files (x86)\Windows Live\Shared;c:\Program Files (x86)\Microsoft SQL Server\100\Tools\Binn\;c:\Program Files (x86)\Microsoft SQL Server\100\DTS\Binn\;C:\Program Files (x86)\Toshiba\Bluetooth Toshiba Stack\sys\;C:\Program Files (x86)\Toshiba\Bluetooth Toshiba Stack\sys\x64\;C:\Program Files\MATLAB\R2013a\runtime\win64;C:\Program Files\MATLAB\R2013a\bin;C:\Program Files\MATLAB\R2008a\bin;C:\Program Files\MATLAB\R2008a\bin\win64;C:\Program Files (x86)\QuickTime\QTSystem\;C:\Program Files\Microsoft Windows Performance Toolkit\;C:\Program Files (x86)\OpenCV\bin;
USERNAME=cell
OS=Windows_NT
PROCESSOR_IDENTIFIER=Intel64 Family 6 Model 58 Stepping 9, GenuineIntel



---------------  S Y S T E M  ---------------

OS: Windows NT 6.1 Build 7601 Service Pack 1

CPU:total 8 em64t ht

Memory: 4k page, physical 16733604k(13014040k free), swap 33465344k(29270444k free)

vm_info: Java HotSpot(TM) 64-Bit Server VM (1.6.0-b105) for windows-amd64, built on Nov 29 2006 00:38:01 by "java_re" with unknown MS VC++:1400

