#
# An unexpected error has been detected by Java Runtime Environment:
#
#  EXCEPTION_ACCESS_VIOLATION (0xc0000005) at pc=0x0000000033825110, pid=9940, tid=12992
#
# Java VM: Java HotSpot(TM) 64-Bit Server VM (1.6.0-b105 mixed mode)
# Problematic frame:
# C  0x0000000033825110
#
# If you would like to submit a bug report, please visit:
#   http://java.sun.com/webapps/bugreport/crash.jsp
#

---------------  T H R E A D  ---------------

Current thread (0x0000000011b85400):  JavaThread "AWT-EventQueue-0" [_thread_in_native, id=12992]

siginfo: ExceptionCode=0xc0000005, reading address 0xffffffffffffffff

Registers:
EAX=0x80000f003b02ac23, EBX=0x0000000000000001, ECX=0x0000000034c7bb00, EDX=0x0000000011384e10
ESP=0x000000003470e7c0, EBP=0x0000000011a3cee0, ESI=0x0000000011b85590, EDI=0x0000000000000000
EIP=0x0000000033825110, EFLAGS=0x0000000000010202

Top of Stack: (sp=0x000000003470e7c0)
0x000000003470e7c0:   0000000011b85400 0000000000000000
0x000000003470e7d0:   000000003470e910 0000000015e73598
0x000000003470e7e0:   0000000000000001 0000000033826dd3
0x000000003470e7f0:   0000000000000001 0000000011a3cee0
0x000000003470e800:   0000000011b85590 0000000000000000
0x000000003470e810:   0000000011384e10 0000000016c37a70
0x000000003470e820:   0000000000000004 00000000152cd810
0x000000003470e830:   0000000000000000 0000000000000000
0x000000003470e840:   0000000000000001 0000000000000102
0x000000003470e850:   00000000122a308e 0000000000000001
0x000000003470e860:   000000003470e8e8 00000000122afc24
0x000000003470e870:   0000000000000000 0000000026650610
0x000000003470e880:   0000000000000000 0000000015e73598
0x000000003470e890:   0000000000000001 0000000000000000
0x000000003470e8a0:   000000003470e890 000000003470e8a8
0x000000003470e8b0:   0000000000000000 000000003470e910 

Instructions: (pc=0x0000000033825110)
0x0000000033825100:   e8 5b 72 f9 ff 48 8b 0d 04 9a 08 00 48 8b 04 d8
0x0000000033825110:   48 8b 58 30 e8 67 72 f9 ff 48 8b c3 48 83 c4 20 


Stack: [0x0000000034690000,0x0000000034710000),  sp=0x000000003470e7c0,  free space=505k
Native frames: (J=compiled Java code, j=interpreted, Vv=VM code, C=native code)
C  0x0000000033825110

Java frames: (J=compiled Java code, j=interpreted, Vv=VM code)
j  sun.awt.Win32GraphicsConfig.getBounds(I)Ljava/awt/Rectangle;+0
j  sun.awt.Win32GraphicsConfig.getBounds()Ljava/awt/Rectangle;+8
j  com.mathworks.mwswing.WindowUtils.getVirtualScreenBounds()Ljava/awt/Rectangle;+98
j  com.mathworks.mwswing.MJUtilities.getVirtualScreenBounds()Ljava/awt/Rectangle;+0
j  com.mathworks.mwswing.desk.DTSingleClientFrame.refineLocation(Lcom/mathworks/mwswing/desk/DTLocation;)Lcom/mathworks/mwswing/desk/DTFloatingLocation;+495
j  com.mathworks.mwswing.desk.DTSingleClientFrame.addClient(Lcom/mathworks/mwswing/desk/DTClient;Lcom/mathworks/mwswing/desk/DTLocation;)V+297
j  com.mathworks.mwswing.desk.Desktop.setClientShowing(Lcom/mathworks/mwswing/desk/DTClient;ZLcom/mathworks/mwswing/desk/DTLocation;ZZ)V+956
j  com.mathworks.mwswing.desk.Desktop.setClientShowing(Lcom/mathworks/mwswing/desk/DTClient;ZLcom/mathworks/mwswing/desk/DTLocation;Z)V+7
j  com.mathworks.mwswing.desk.Desktop.setClientDocked(Lcom/mathworks/mwswing/desk/DTClient;Z)V+296
j  com.mathworks.mwswing.desk.DTClient$ClientUndockAction.actionPerformed(Ljava/awt/event/ActionEvent;)V+12
j  javax.swing.AbstractButton.fireActionPerformed(Ljava/awt/event/ActionEvent;)V+84
j  javax.swing.AbstractButton$Handler.actionPerformed(Ljava/awt/event/ActionEvent;)V+5
j  javax.swing.DefaultButtonModel.fireActionPerformed(Ljava/awt/event/ActionEvent;)V+35
j  javax.swing.DefaultButtonModel.setPressed(Z)V+117
j  javax.swing.plaf.basic.BasicButtonListener.mouseReleased(Ljava/awt/event/MouseEvent;)V+35
j  java.awt.AWTEventMulticaster.mouseReleased(Ljava/awt/event/MouseEvent;)V+8
j  java.awt.AWTEventMulticaster.mouseReleased(Ljava/awt/event/MouseEvent;)V+8
j  java.awt.Component.processMouseEvent(Ljava/awt/event/MouseEvent;)V+64
j  javax.swing.JComponent.processMouseEvent(Ljava/awt/event/MouseEvent;)V+23
j  com.mathworks.mwswing.MJButton.processMouseEvent(Ljava/awt/event/MouseEvent;)V+37
j  java.awt.Component.processEvent(Ljava/awt/AWTEvent;)V+81
j  java.awt.Container.processEvent(Ljava/awt/AWTEvent;)V+18
j  java.awt.Component.dispatchEventImpl(Ljava/awt/AWTEvent;)V+562
j  java.awt.Container.dispatchEventImpl(Ljava/awt/AWTEvent;)V+42
J  java.awt.LightweightDispatcher.retargetMouseEvent(Ljava/awt/Component;ILjava/awt/event/MouseEvent;)V
j  java.awt.LightweightDispatcher.processMouseEvent(Ljava/awt/event/MouseEvent;)Z+139
j  java.awt.LightweightDispatcher.dispatchEvent(Ljava/awt/AWTEvent;)Z+50
j  java.awt.Container.dispatchEventImpl(Ljava/awt/AWTEvent;)V+12
j  java.awt.Window.dispatchEventImpl(Ljava/awt/AWTEvent;)V+19
J  java.awt.EventDispatchThread.pumpOneEventForFilters(I)Z
J  java.awt.EventDispatchThread.pumpEventsForFilter(ILjava/awt/Conditional;Ljava/awt/EventFilter;)V
j  java.awt.EventDispatchThread.pumpEventsForHierarchy(ILjava/awt/Conditional;Ljava/awt/Component;)V+11
j  java.awt.EventDispatchThread.pumpEvents(ILjava/awt/Conditional;)V+4
j  java.awt.EventDispatchThread.pumpEvents(Ljava/awt/Conditional;)V+3
j  java.awt.EventDispatchThread.run()V+9
v  ~StubRoutines::call_stub

---------------  P R O C E S S  ---------------

Java Threads: ( => current thread )
  0x0000000011b0d800 JavaThread "Timer-5" [_thread_blocked, id=21252]
  0x0000000011b08c00 JavaThread "Thread-164" [_thread_blocked, id=6180]
  0x0000000011b0c400 JavaThread "Thread-125" [_thread_blocked, id=21644]
  0x0000000011b09800 JavaThread "Thread-119" [_thread_blocked, id=18112]
  0x0000000011239800 JavaThread "Thread-17" [_thread_blocked, id=19452]
  0x000000001123ac00 JavaThread "Prefs Updater" [_thread_blocked, id=19640]
  0x000000001123a000 JavaThread "Thread-8" [_thread_blocked, id=9420]
  0x0000000011272800 JavaThread "Active Reference Queue Daemon" daemon [_thread_blocked, id=25428]
  0x0000000034781000 JavaThread "Timer-3" daemon [_thread_blocked, id=18216]
  0x0000000011ad7000 JavaThread "Timer-2" daemon [_thread_blocked, id=15456]
  0x0000000011ab6000 JavaThread "TimerQueue" daemon [_thread_blocked, id=11096]
=>0x0000000011b85400 JavaThread "AWT-EventQueue-0" [_thread_in_native, id=12992]
  0x000000001190b000 JavaThread "AWT-Windows" daemon [_thread_in_native, id=5468]
  0x0000000011906800 JavaThread "AWT-Shutdown" [_thread_blocked, id=17244]
  0x0000000011906400 JavaThread "Java2D Disposer" daemon [_thread_blocked, id=8512]
  0x000000001139ac00 JavaThread "Timer-0" [_thread_blocked, id=3272]
  0x000000000fc95c00 JavaThread "Low Memory Detector" daemon [_thread_blocked, id=8040]
  0x000000000fc93800 JavaThread "CompilerThread1" daemon [_thread_blocked, id=17728]
  0x000000000fc92c00 JavaThread "CompilerThread0" daemon [_thread_blocked, id=24312]
  0x000000000fc63c00 JavaThread "Attach Listener" daemon [_thread_blocked, id=18508]
  0x000000000fc59c00 JavaThread "Finalizer" daemon [_thread_blocked, id=15760]
  0x000000000fc57400 JavaThread "Reference Handler" daemon [_thread_blocked, id=15300]
  0x000000000e977000 JavaThread "main" [_thread_in_native, id=4044]

Other Threads:
  0x000000000fc52800 VMThread [id=24188]
  0x000000000fc9a400 WatcherThread [id=9256]

VM state:not at safepoint (normal execution)

VM Mutex/Monitor currently owned by a thread: None

Heap
 PSYoungGen      total 3264K, used 1094K [0x00000000265a0000, 0x0000000026930000, 0x00000000296a0000)
  eden space 2880K, 26% used [0x00000000265a0000,0x000000002665c588,0x0000000026870000)
  from space 384K, 88% used [0x0000000026870000,0x00000000268c5508,0x00000000268d0000)
  to   space 384K, 0% used [0x00000000268d0000,0x00000000268d0000,0x0000000026930000)
 PSOldGen        total 52288K, used 51398K [0x000000001d2a0000, 0x00000000205b0000, 0x00000000265a0000)
  object space 52288K, 98% used [0x000000001d2a0000,0x00000000204d1938,0x00000000205b0000)
 PSPermGen       total 77888K, used 45992K [0x00000000152a0000, 0x0000000019eb0000, 0x000000001d2a0000)
  object space 77888K, 59% used [0x00000000152a0000,0x0000000017f8a248,0x0000000019eb0000)

Dynamic libraries:
0x0000000140000000 - 0x0000000140138000 	C:\Program Files\MATLAB\R2008a\bin\win64\MATLAB.exe
0x00007ffb9e890000 - 0x00007ffb9ea3d000 	C:\Windows\SYSTEM32\ntdll.dll
0x00007ffb9e750000 - 0x00007ffb9e88e000 	C:\Windows\system32\KERNEL32.DLL
0x00007ffb9bcf0000 - 0x00007ffb9be05000 	C:\Windows\system32\KERNELBASE.dll
0x00007ffb9a3d0000 - 0x00007ffb9a45e000 	C:\Windows\system32\apphelp.dll
0x0000000180000000 - 0x0000000180401000 	C:\Program Files\MATLAB\R2008a\bin\win64\libut.dll
0x00000000012b0000 - 0x0000000001424000 	C:\Program Files\MATLAB\R2008a\bin\win64\libmwservices.dll
0x0000000001200000 - 0x0000000001255000 	C:\Program Files\MATLAB\R2008a\bin\win64\mcr.dll
0x000000006c770000 - 0x000000006c839000 	C:\Windows\WinSxS\amd64_microsoft.vc80.crt_1fc8b3b9a1e18e3b_8.0.50727.8428_none_88dcdb0b2fb19957\MSVCR80.dll
0x00007ffb9caf0000 - 0x00007ffb9cb06000 	C:\Windows\system32\imagehlp.dll
0x00007ffb9cae0000 - 0x00007ffb9cae7000 	C:\Windows\system32\PSAPI.DLL
0x0000000001430000 - 0x0000000001458000 	C:\Program Files\MATLAB\R2008a\bin\win64\LIBEXPAT.dll
0x000000004a800000 - 0x000000004a917000 	C:\Program Files\MATLAB\R2008a\bin\win64\icuuc36.dll
0x000000004ab00000 - 0x000000004ab0f000 	C:\Program Files\MATLAB\R2008a\bin\win64\icuio36.dll
0x00007ffb9c740000 - 0x00007ffb9c8b7000 	C:\Windows\system32\USER32.dll
0x00007ffb9cb10000 - 0x00007ffb9cbba000 	C:\Windows\system32\ADVAPI32.dll
0x000000006c660000 - 0x000000006c769000 	C:\Windows\WinSxS\amd64_microsoft.vc80.crt_1fc8b3b9a1e18e3b_8.0.50727.8428_none_88dcdb0b2fb19957\MSVCP80.dll
0x0000000001460000 - 0x00000000014d0000 	C:\Program Files\MATLAB\R2008a\bin\win64\libmx.dll
0x00000000014d0000 - 0x0000000001578000 	C:\Program Files\MATLAB\R2008a\bin\win64\libmwmathutil.dll
0x0000000001580000 - 0x00000000015d5000 	C:\Program Files\MATLAB\R2008a\bin\win64\mpath.dll
0x00000000015e0000 - 0x0000000001601000 	C:\Program Files\MATLAB\R2008a\bin\win64\mlutil.dll
0x00007ffb93a00000 - 0x00007ffb93aa4000 	C:\Windows\WinSxS\amd64_microsoft.windows.common-controls_6595b64144ccf1df_5.82.9600.17810_none_34ae2abd958aedeb\COMCTL32.dll
0x00007ffb9c340000 - 0x00007ffb9c3f6000 	C:\Windows\system32\comdlg32.dll
0x00007ffb99b00000 - 0x00007ffb99b16000 	C:\Windows\SYSTEM32\NETAPI32.dll
0x00007ffb9cbd0000 - 0x00007ffb9cc2a000 	C:\Windows\system32\WS2_32.dll
0x00007ffb9d080000 - 0x00007ffb9e5aa000 	C:\Windows\system32\SHELL32.dll
0x0000000001610000 - 0x0000000001635000 	C:\Program Files\MATLAB\R2008a\bin\win64\iqm.dll
0x0000000001640000 - 0x0000000001661000 	C:\Program Files\MATLAB\R2008a\bin\win64\bridge.dll
0x0000000001670000 - 0x0000000001681000 	C:\Program Files\MATLAB\R2008a\bin\win64\libmex.dll
0x0000000001690000 - 0x000000000171c000 	C:\Program Files\MATLAB\R2008a\bin\win64\m_dispatcher.dll
0x0000000001720000 - 0x000000000193b000 	C:\Program Files\MATLAB\R2008a\bin\win64\mcos.dll
0x0000000001940000 - 0x0000000001a82000 	C:\Program Files\MATLAB\R2008a\bin\win64\libmwgui.dll
0x0000000001a90000 - 0x0000000001cca000 	C:\Program Files\MATLAB\R2008a\bin\win64\hg.dll
0x0000000001cd0000 - 0x0000000002561000 	C:\Program Files\MATLAB\R2008a\bin\win64\m_interpreter.dll
0x0000000002570000 - 0x00000000025c6000 	C:\Program Files\MATLAB\R2008a\bin\win64\jmi.dll
0x00000000025d0000 - 0x0000000002660000 	C:\Program Files\MATLAB\R2008a\bin\win64\udd_mi.dll
0x0000000002660000 - 0x0000000002719000 	C:\Program Files\MATLAB\R2008a\bin\win64\uiw.dll
0x0000000002720000 - 0x0000000002738000 	C:\Program Files\MATLAB\R2008a\bin\win64\mwoles05.DLL
0x0000000002740000 - 0x00000000027a9000 	C:\Program Files\MATLAB\R2008a\bin\win64\comcli.dll
0x00000000027b0000 - 0x00000000027be000 	C:\Program Files\MATLAB\R2008a\bin\win64\mlautoregister.dll
0x00007ffb9c8c0000 - 0x00007ffb9ca10000 	C:\Windows\system32\GDI32.dll
0x00007ffb9e5b0000 - 0x00007ffb9e744000 	C:\Windows\system32\ole32.dll
0x00007ffb9c410000 - 0x00007ffb9c4ba000 	C:\Windows\system32\msvcrt.dll
0x00000000027e0000 - 0x00000000027e3000 	C:\Program Files\MATLAB\R2008a\bin\win64\icudt36.dll
0x0000000002800000 - 0x0000000002906000 	C:\Program Files\MATLAB\R2008a\bin\win64\icuin36.dll
0x00007ffb9ce30000 - 0x00007ffb9ce89000 	C:\Windows\SYSTEM32\sechost.dll
0x00007ffb9bf10000 - 0x00007ffb9c051000 	C:\Windows\system32\RPCRT4.dll
0x0000000002920000 - 0x0000000002937000 	C:\Program Files\MATLAB\R2008a\bin\win64\zlib1.dll
0x00007ffb9c670000 - 0x00007ffb9c6c4000 	C:\Windows\system32\SHLWAPI.dll
0x00007ffb9ac20000 - 0x00007ffb9ac2c000 	C:\Windows\SYSTEM32\netutils.dll
0x00007ffb9b5c0000 - 0x00007ffb9b5e6000 	C:\Windows\SYSTEM32\srvcli.dll
0x00007ffb998c0000 - 0x00007ffb998d7000 	C:\Windows\SYSTEM32\wkscli.dll
0x00007ffb9ce90000 - 0x00007ffb9ce99000 	C:\Windows\system32\NSI.dll
0x00007ffb9c060000 - 0x00007ffb9c271000 	C:\Windows\SYSTEM32\combase.dll
0x0000000002990000 - 0x0000000002a50000 	C:\Program Files\MATLAB\R2008a\bin\win64\udd.dll
0x0000000002a70000 - 0x0000000002a95000 	C:\Program Files\MATLAB\R2008a\bin\win64\datasvcs.dll
0x0000000012000000 - 0x0000000012295000 	C:\Program Files\MATLAB\R2008a\bin\win64\xerces-c_2_7.dll
0x0000000002ad0000 - 0x0000000002b01000 	C:\Program Files\MATLAB\R2008a\bin\win64\libmat.dll
0x0000000002b10000 - 0x0000000002b4e000 	C:\Program Files\MATLAB\R2008a\bin\win64\libmwhardcopy.dll
0x0000000002b50000 - 0x0000000002bac000 	C:\Program Files\MATLAB\R2008a\bin\win64\libuij.dll
0x0000000002bb0000 - 0x0000000002e3c000 	C:\Program Files\MATLAB\R2008a\bin\win64\numerics.dll
0x000000006c4c0000 - 0x000000006c65c000 	C:\Windows\WinSxS\amd64_microsoft.vc80.mfc_1fc8b3b9a1e18e3b_8.0.50727.6195_none_8448b2bd328df189\MFC80.DLL
0x00007ffb8f290000 - 0x00007ffb8f312000 	C:\Windows\SYSTEM32\WINSPOOL.DRV
0x00007ffb9ca10000 - 0x00007ffb9cad1000 	C:\Windows\system32\OLEAUT32.dll
0x0000000002e50000 - 0x0000000002ebf000 	C:\Program Files\MATLAB\R2008a\bin\win64\profiler.dll
0x0000000002ec0000 - 0x0000000002eca000 	C:\Program Files\MATLAB\R2008a\bin\win64\libmwmathrng.dll
0x0000000002ed0000 - 0x0000000002eea000 	C:\Program Files\MATLAB\R2008a\bin\win64\m_pcodeio.dll
0x0000000002ef0000 - 0x0000000002f3a000 	C:\Program Files\MATLAB\R2008a\bin\win64\m_ir.dll
0x0000000002f40000 - 0x00000000034fb000 	C:\Program Files\MATLAB\R2008a\bin\win64\m_parser.dll
0x0000000003500000 - 0x0000000003520000 	C:\Program Files\MATLAB\R2008a\bin\win64\m_pcodegen.dll
0x00007ffb98d10000 - 0x00007ffb98e99000 	C:\Windows\SYSTEM32\dbghelp.dll
0x0000000003520000 - 0x0000000003530000 	C:\Program Files\MATLAB\R2008a\bin\win64\boost_thread-vc80-mt-1_34_1.dll
0x0000000003560000 - 0x000000000356a000 	C:\Program Files\MATLAB\R2008a\bin\win64\uinone.dll
0x000000006d4c0000 - 0x000000006d4e0000 	C:\Windows\WinSxS\amd64_microsoft.vc80.atl_1fc8b3b9a1e18e3b_8.0.50727.6195_none_8a1dd9552ed7f8d8\ATL80.DLL
0x0000000003600000 - 0x0000000003705000 	C:\Program Files\MATLAB\R2008a\bin\win64\libhdf5.dll
0x0000000003740000 - 0x000000000374c000 	C:\Program Files\MATLAB\R2008a\bin\win64\libmwblas.dll
0x0000000003750000 - 0x0000000003774000 	C:\Program Files\MATLAB\R2008a\bin\win64\libmwlapack.dll
0x0000000003780000 - 0x000000000378b000 	C:\Program Files\MATLAB\R2008a\bin\win64\libmwfftw.dll
0x0000000003790000 - 0x00000000037c5000 	C:\Program Files\MATLAB\R2008a\bin\win64\libmwrookfastbp.dll
0x00000000037d0000 - 0x00000000037fe000 	C:\Program Files\MATLAB\R2008a\bin\win64\libmwma57.dll
0x0000000003800000 - 0x0000000003809000 	C:\Program Files\MATLAB\R2008a\bin\win64\libmwcsparse.dll
0x0000000003810000 - 0x00000000038da000 	C:\Program Files\MATLAB\R2008a\bin\win64\libmwumfpack.dll
0x00000000038e0000 - 0x0000000003972000 	C:\Program Files\MATLAB\R2008a\bin\win64\libmwcholmod.dll
0x0000000003980000 - 0x000000000398d000 	C:\Program Files\MATLAB\R2008a\bin\win64\libmwamd.dll
0x00000000039e0000 - 0x00000000039f2000 	C:\Program Files\MATLAB\R2008a\bin\win64\ir_xfmr.dll
0x0000000003a00000 - 0x0000000003a0c000 	C:\Program Files\MATLAB\R2008a\bin\win64\mtok.dll
0x00007ffb99b50000 - 0x00007ffb99c02000 	C:\Windows\SYSTEM32\SHCORE.DLL
0x0000000003a50000 - 0x0000000003a5f000 	C:\Program Files\MATLAB\R2008a\bin\win64\libmwbinder.dll
0x0000000010000000 - 0x00000000100d3000 	C:\Program Files\MATLAB\R2008a\bin\win64\libifcoremd.dll
0x0000000003aa0000 - 0x0000000003cbd000 	C:\Program Files\MATLAB\R2008a\bin\win64\libmmd.dll
0x0000000003cf0000 - 0x0000000003cfc000 	C:\Program Files\MATLAB\R2008a\bin\win64\libmwcolamd.dll
0x00007ffb9cc90000 - 0x00007ffb9ccc6000 	C:\Windows\system32\IMM32.DLL
0x00007ffb9ccd0000 - 0x00007ffb9ce22000 	C:\Windows\system32\MSCTF.dll
0x0000000007090000 - 0x0000000007a5e000 	C:\Program Files\MATLAB\R2008a\bin\win64\mkl.dll
0x0000000005880000 - 0x00000000058cb000 	C:\Program Files\MATLAB\R2008a\bin\win64\libguide40.dll
0x00000000065d0000 - 0x00000000065d8000 	C:\Program Files\MATLAB\R2008a\bin\win64\mklcompat.dll
0x0000000007a60000 - 0x0000000008007000 	C:\Program Files\MATLAB\R2008a\bin\win64\mllapack.dll
0x0000000006640000 - 0x0000000006734000 	C:\Program Files\MATLAB\R2008a\bin\win64\libfftw3i.dll
0x0000000006760000 - 0x000000000684e000 	C:\Program Files\MATLAB\R2008a\bin\win64\libfftw3f.dll
0x000000006d4b0000 - 0x000000006d4bb000 	C:\Windows\WinSxS\amd64_microsoft.vc80.mfcloc_1fc8b3b9a1e18e3b_8.0.50727.6195_none_bc20f59b0bdd1acd\MFC80JPN.DLL
0x00007ffb9a650000 - 0x00007ffb9a779000 	C:\Windows\system32\uxtheme.dll
0x00007ffb9b9e0000 - 0x00007ffb9b9f5000 	C:\Windows\SYSTEM32\profapi.dll
0x00007ffb9a820000 - 0x00007ffb9a82b000 	C:\Windows\SYSTEM32\kernel.appcore.dll
0x00007ffb9b920000 - 0x00007ffb9b92b000 	C:\Windows\SYSTEM32\CRYPTBASE.dll
0x00007ffb9b8b0000 - 0x00007ffb9b913000 	C:\Windows\SYSTEM32\bcryptPrimitives.dll
0x00007ffb9c280000 - 0x00007ffb9c336000 	C:\Windows\SYSTEM32\clbcatq.dll
0x00007ffb96030000 - 0x00007ffb961af000 	C:\Windows\SYSTEM32\PROPSYS.dll
0x00007ffb98a40000 - 0x00007ffb98a43000 	C:\Windows\SYSTEM32\icmp.Dll
0x00007ffb98ce0000 - 0x00007ffb98d0a000 	C:\Windows\SYSTEM32\iphlpapi.DLL
0x00007ffb97ff0000 - 0x00007ffb97ffa000 	C:\Windows\SYSTEM32\WINNSI.DLL
0x00007ffb9b880000 - 0x00007ffb9b8ae000 	C:\Windows\SYSTEM32\SspiCli.dll
0x00007ffb8be20000 - 0x00007ffb8be35000 	C:\Windows\system32\napinsp.dll
0x00007ffb8be40000 - 0x00007ffb8be5a000 	C:\Windows\system32\pnrpnsp.dll
0x00007ffb99c40000 - 0x00007ffb99c5b000 	C:\Windows\system32\NLAapi.dll
0x00007ffb9b2c0000 - 0x00007ffb9b319000 	C:\Windows\System32\mswsock.dll
0x00007ffb9b0c0000 - 0x00007ffb9b164000 	C:\Windows\SYSTEM32\DNSAPI.dll
0x00007ffb8edf0000 - 0x00007ffb8edfd000 	C:\Windows\System32\winrnr.dll
0x00007ffb95550000 - 0x00007ffb955bb000 	C:\Windows\System32\fwpuclnt.dll
0x00007ffb8df00000 - 0x00007ffb8df0a000 	C:\Windows\System32\rasadhlp.dll
0x00007ffb95630000 - 0x00007ffb95646000 	C:\Windows\SYSTEM32\dhcpcsvc6.DLL
0x00007ffb95610000 - 0x00007ffb9562a000 	C:\Windows\SYSTEM32\dhcpcsvc.DLL
0x000000000e010000 - 0x000000000e561000 	C:\Program Files\MATLAB\R2008a\sys\java\jre\win64\jre1.6.0\bin\server\jvm.dll
0x00007ffb929e0000 - 0x00007ffb92a02000 	C:\Windows\SYSTEM32\WINMM.dll
0x00007ffb929b0000 - 0x00007ffb929da000 	C:\Windows\SYSTEM32\WINMMBASE.dll
0x00007ffb9bec0000 - 0x00007ffb9bf0f000 	C:\Windows\SYSTEM32\cfgmgr32.dll
0x00007ffb9a7d0000 - 0x00007ffb9a7f8000 	C:\Windows\SYSTEM32\DEVOBJ.dll
0x0000000006a40000 - 0x0000000006a4a000 	C:\Program Files\MATLAB\R2008a\sys\java\jre\win64\jre1.6.0\bin\hpi.dll
0x0000000006a60000 - 0x0000000006a6e000 	C:\Program Files\MATLAB\R2008a\sys\java\jre\win64\jre1.6.0\bin\verify.dll

VM Arguments:
jvm_args: -Xss512k -XX:PermSize=32M -Xms64m -XX:NewRatio=3 -XX:MaxPermSize=128M -Xmx196m -XX:MaxDirectMemorySize=2147400000 -Dsun.java2d.noddraw=true -Dsun.awt.nopixfmt=true -Xshare:off -Xrs -Djava.library.path=C:\Program Files\MATLAB\R2008a\bin\win64 vfprintf abort
java_command: <unknown>
Launcher Type: generic

Environment Variables:
PATH=C:\Program Files\NVIDIA GPU Computing Toolkit\CUDA\v6.5\bin;C:\Program Files\NVIDIA GPU Computing Toolkit\CUDA\v6.5\libnvvp;C:\Program Files (x86)\Intel\iCLS Client\;C:\Program Files\Intel\iCLS Client\;C:\Windows\system32;C:\Windows;C:\Windows\System32\Wbem;C:\Windows\System32\WindowsPowerShell\v1.0\;C:\Program Files\Intel\Intel(R) Management Engine Components\DAL;C:\Program Files\Intel\Intel(R) Management Engine Components\IPT;C:\Program Files (x86)\Intel\Intel(R) Management Engine Components\DAL;C:\Program Files (x86)\Intel\Intel(R) Management Engine Components\IPT;C:\Program Files (x86)\Windows Live\Shared;C:\Program Files (x86)\GtkSharp\2.12\bin;C:\Program Files\Microsoft SQL Server\110\Tools\Binn\;C:\Users\Fukushima\.dnx\bin;C:\Program Files\Microsoft DNX\Dnvm\;C:\Program Files\Microsoft SQL Server\120\Tools\Binn\;C:\Program Files (x86)\Windows Kits\10\Windows Performance Toolkit\;C:\Program Files (x86)\nodejs\;C:\Program Files\Git\cmd;C:\Program Files\MATLAB\R2008a\bin;C:\Program Files\MATLAB\R2008a\bin\win64;C:\Users\Fukushima\AppData\Roaming\npm;C:\Program Files\Docker Toolbox
USERNAME=Fukushima
OS=Windows_NT
PROCESSOR_IDENTIFIER=Intel64 Family 6 Model 60 Stepping 3, GenuineIntel



---------------  S Y S T E M  ---------------

OS: Windows NT 6.2 Build 9200 

CPU:total 8 em64t ht

Memory: 4k page, physical 16693496k(9122552k free), swap 19183864k(11384780k free)

vm_info: Java HotSpot(TM) 64-Bit Server VM (1.6.0-b105) for windows-amd64, built on Nov 29 2006 00:38:01 by "java_re" with unknown MS VC++:1400

