#
# An unexpected error has been detected by Java Runtime Environment:
#
#  EXCEPTION_ACCESS_VIOLATION (0xc0000005) at pc=0x00000000031822f0, pid=5524, tid=11348
#
# Java VM: Java HotSpot(TM) 64-Bit Server VM (1.6.0-b105 mixed mode)
# Problematic frame:
# C  [hg.dll+0x1022f0]
#
# If you would like to submit a bug report, please visit:
#   http://java.sun.com/webapps/bugreport/crash.jsp
#

---------------  T H R E A D  ---------------

Current thread (0x0000000003f0fc00):  JavaThread "main" [_thread_in_native, id=11348]

siginfo: ExceptionCode=0xc0000005, reading address 0x0000000000000158

Registers:
EAX=0x0000000000000010, EBX=0x0000000000000000, ECX=0x0000000000000000, EDX=0x00000000451fb790
ESP=0x00000000010250f8, EBP=0x0000000000000000, ESI=0x00000000031e4584, EDI=0x00000000031e4584
EIP=0x00000000031822f0, EFLAGS=0x0000000000010202

Top of Stack: (sp=0x00000000010250f8)
0x00000000010250f8:   0000000003197186 0000000000000000
0x0000000001025108:   0000000000000000 00000000031e4584
0x0000000001025118:   0000000000000001 0000000015585010
0x0000000001025128:   0000000000000000 0000000015c78510
0x0000000001025138:   0000000003126e5d 00000000446ca5e0
0x0000000001025148:   0000000000000000 0000000001025270
0x0000000001025158:   0000000003f0fc00 0000000005d84aa0
0x0000000001025168:   0000000002f99e4d 0000000005d858c0
0x0000000001025178:   0000000001025288 00000000fffffffe
0x0000000001025188:   0000000003e9f580 fffffffffffffffe
0x0000000001025198:   000000000f166b92 00000000122a2f7a
0x00000000010251a8:   0000000003c25e1b 0000000001025270
0x00000000010251b8:   0000000000000000 0000000003e9f608
0x00000000010251c8:   0000000003e9f608 0000000015584080
0x00000000010251d8:   00000000033018ef 00000000010252d0
0x00000000010251e8:   0000000015584080 0000000015c78510 

Instructions: (pc=0x00000000031822f0)
0x00000000031822e0:   48 8b 81 e0 01 00 00 c3 cc cc cc cc cc cc cc cc
0x00000000031822f0:   48 8b 81 58 01 00 00 c3 cc cc cc cc cc cc cc cc 


Stack: [0x0000000000030000,0x0000000001030000),  sp=0x00000000010250f8,  free space=16340k
Native frames: (J=compiled Java code, j=interpreted, Vv=VM code, C=native code)
C  [hg.dll+0x1022f0]

[error occurred during error reporting, step 120, id 0xc0000005]

Java frames: (J=compiled Java code, j=interpreted, Vv=VM code)
j  com.mathworks.jmi.NativeMatlab.ProcessPendingEvents()Z+0
j  com.mathworks.jmi.NativeMatlab.processPendingEvents()Z+8
j  com.mathworks.jmi.Matlab$ProcessPendingEvents.callBooleanMethod(Ljava/lang/Object;)Z+0
j  com.mathworks.util.FactoryUtils.processPendingEvents()Z+12
j  com.mathworks.mde.desk.MLDesktop.canClose()Z+84
v  ~StubRoutines::call_stub
j  sun.reflect.NativeMethodAccessorImpl.invoke0(Ljava/lang/reflect/Method;Ljava/lang/Object;[Ljava/lang/Object;)Ljava/lang/Object;+0
j  sun.reflect.NativeMethodAccessorImpl.invoke(Ljava/lang/Object;[Ljava/lang/Object;)Ljava/lang/Object;+87
J  java.lang.reflect.Method.invoke(Ljava/lang/Object;[Ljava/lang/Object;)Ljava/lang/Object;
j  com.mathworks.jmi.Matlab.isOkToExit()Z+69
v  ~StubRoutines::call_stub
j  com.mathworks.jmi.NativeMatlab.SendMatlabMessage(Ljava/lang/Object;)Ljava/lang/Object;+0
j  com.mathworks.jmi.NativeMatlab.sendMatlabMessage(Ljava/lang/Object;)Ljava/lang/Object;+22
j  com.mathworks.jmi.MatlabLooper.sendMatlabMessage(Lcom/mathworks/services/message/MWMessage;)Ljava/lang/Object;+20
j  com.mathworks.jmi.Matlab.mtFevalConsoleOutput(Ljava/lang/String;[Ljava/lang/Object;I)Ljava/lang/Object;+58
j  com.mathworks.mde.desk.MLDesktop$5.run()V+14
j  com.mathworks.jmi.NativeMatlab.dispatchMTRequests(Z)V+50
v  ~StubRoutines::call_stub

---------------  P R O C E S S  ---------------

Java Threads: ( => current thread )
  0x000000003ac3fc00 JavaThread "Thread-217" [_thread_blocked, id=10364]
  0x000000003ac3e800 JavaThread "Timer-22" [_thread_blocked, id=11268]
  0x000000003ac3d800 JavaThread "Timer-14" [_thread_blocked, id=10644]
  0x000000003ac3d000 JavaThread "Thread-70" [_thread_blocked, id=12072]
  0x000000003ac3bc00 JavaThread "Prefs Updater" [_thread_blocked, id=11276]
  0x000000003ac3a800 JavaThread "Thread-7" [_thread_blocked, id=11952]
  0x000000003ad91400 JavaThread "Active Reference Queue Daemon" daemon [_thread_blocked, id=11380]
  0x000000003af63000 JavaThread "Timer-3" daemon [_thread_blocked, id=3704]
  0x000000003a868c00 JavaThread "Timer-2" daemon [_thread_blocked, id=10716]
  0x000000003aa30c00 JavaThread "TimerQueue" daemon [_thread_blocked, id=12216]
  0x000000003a7ca000 JavaThread "AWT-EventQueue-0" [_thread_in_vm, id=9436]
  0x0000000011ae0800 JavaThread "AWT-Windows" daemon [_thread_in_native, id=11972]
  0x0000000011ae0400 JavaThread "AWT-Shutdown" [_thread_blocked, id=12244]
  0x0000000011a77400 JavaThread "Java2D Disposer" daemon [_thread_blocked, id=6720]
  0x00000000112ad800 JavaThread "Timer-0" [_thread_blocked, id=11912]
  0x000000000fc06400 JavaThread "Low Memory Detector" daemon [_thread_blocked, id=12200]
  0x000000000fc04000 JavaThread "CompilerThread1" daemon [_thread_blocked, id=5940]
  0x000000000fbf1000 JavaThread "CompilerThread0" daemon [_thread_blocked, id=10280]
  0x000000000fbf0800 JavaThread "Attach Listener" daemon [_thread_blocked, id=1632]
  0x000000000fbcc000 JavaThread "Finalizer" daemon [_thread_blocked, id=10884]
  0x000000000fbcb000 JavaThread "Reference Handler" daemon [_thread_blocked, id=10452]
=>0x0000000003f0fc00 JavaThread "main" [_thread_in_native, id=11348]

Other Threads:
  0x000000000fbc7400 VMThread [id=7328]
  0x0000000003f15c00 WatcherThread [id=10856]

VM state:not at safepoint (normal execution)

VM Mutex/Monitor currently owned by a thread:  ([mutex/lock_event])
[0x0000000003e9cdc0/0x0000000000000380] CodeCache_lock - owner thread: 0x000000003a7ca000
[0x0000000003f0f140/0x0000000000000484] Compile_lock - owner thread: 0x000000003a7ca000

Heap
 PSYoungGen      total 13376K, used 9936K [0x00000000265a0000, 0x0000000027f10000, 0x00000000296a0000)
  eden space 2368K, 86% used [0x00000000265a0000,0x00000000267a1d60,0x00000000267f0000)
  from space 11008K, 71% used [0x0000000027340000,0x0000000027af2600,0x0000000027e00000)
  to   space 11584K, 0% used [0x00000000267f0000,0x00000000267f0000,0x0000000027340000)
 PSOldGen        total 83072K, used 74831K [0x000000001d2a0000, 0x00000000223c0000, 0x00000000265a0000)
  object space 83072K, 90% used [0x000000001d2a0000,0x0000000021bb3c38,0x00000000223c0000)
 PSPermGen       total 58752K, used 44506K [0x00000000152a0000, 0x0000000018c00000, 0x000000001d2a0000)
  object space 58752K, 75% used [0x00000000152a0000,0x0000000017e16848,0x0000000018c00000)

Dynamic libraries:
0x0000000140000000 - 0x0000000140138000 	C:\Program Files\MATLAB\R2008a\bin\win64\MATLAB.exe
0x0000000077820000 - 0x00000000779c9000 	C:\windows\SYSTEM32\ntdll.dll
0x00000000701f0000 - 0x000000007023d000 	C:\Program Files\AVAST Software\Avast\snxhk64.dll
0x0000000077600000 - 0x000000007771f000 	C:\windows\system32\KERNEL32.dll
0x000007fefd720000 - 0x000007fefd78b000 	C:\windows\system32\KERNELBASE.dll
0x0000000180000000 - 0x0000000180401000 	C:\Program Files\MATLAB\R2008a\bin\win64\libut.dll
0x000007fefebc0000 - 0x000007fefebd9000 	C:\windows\system32\imagehlp.dll
0x000007fefdcd0000 - 0x000007fefdd6f000 	C:\windows\system32\msvcrt.dll
0x000007fefdd70000 - 0x000007fefde4b000 	C:\windows\system32\ADVAPI32.dll
0x000007fefdcb0000 - 0x000007fefdccf000 	C:\windows\SYSTEM32\sechost.dll
0x000007fefda30000 - 0x000007fefdb5d000 	C:\windows\system32\RPCRT4.dll
0x00000000779e0000 - 0x00000000779e7000 	C:\windows\system32\PSAPI.DLL
0x00000000010f0000 - 0x0000000001118000 	C:\Program Files\MATLAB\R2008a\bin\win64\LIBEXPAT.dll
0x000000006f200000 - 0x000000006f2c9000 	C:\windows\WinSxS\amd64_microsoft.vc80.crt_1fc8b3b9a1e18e3b_8.0.50727.6195_none_88e41e092fab0294\MSVCR80.dll
0x000000004a800000 - 0x000000004a917000 	C:\Program Files\MATLAB\R2008a\bin\win64\icuuc36.dll
0x0000000001260000 - 0x0000000001263000 	C:\Program Files\MATLAB\R2008a\bin\win64\icudt36.dll
0x000000004ab00000 - 0x000000004ab0f000 	C:\Program Files\MATLAB\R2008a\bin\win64\icuio36.dll
0x0000000001400000 - 0x0000000001506000 	C:\Program Files\MATLAB\R2008a\bin\win64\icuin36.dll
0x000000006edf0000 - 0x000000006eef9000 	C:\windows\WinSxS\amd64_microsoft.vc80.crt_1fc8b3b9a1e18e3b_8.0.50727.6195_none_88e41e092fab0294\MSVCP80.dll
0x0000000077720000 - 0x000000007781a000 	C:\windows\system32\USER32.dll
0x000007fefe1c0000 - 0x000007fefe227000 	C:\windows\system32\GDI32.dll
0x000007fefeb60000 - 0x000007fefeb6e000 	C:\windows\system32\LPK.dll
0x000007fefdbe0000 - 0x000007fefdca9000 	C:\windows\system32\USP10.dll
0x0000000001510000 - 0x0000000001684000 	C:\Program Files\MATLAB\R2008a\bin\win64\libmwservices.dll
0x0000000001690000 - 0x0000000001700000 	C:\Program Files\MATLAB\R2008a\bin\win64\libmx.dll
0x00000000012c0000 - 0x00000000012d7000 	C:\Program Files\MATLAB\R2008a\bin\win64\zlib1.dll
0x0000000001700000 - 0x00000000017a8000 	C:\Program Files\MATLAB\R2008a\bin\win64\libmwmathutil.dll
0x00000000017b0000 - 0x0000000001805000 	C:\Program Files\MATLAB\R2008a\bin\win64\mpath.dll
0x0000000001820000 - 0x0000000001841000 	C:\Program Files\MATLAB\R2008a\bin\win64\mlutil.dll
0x000007fefa460000 - 0x000007fefa500000 	C:\windows\WinSxS\amd64_microsoft.windows.common-controls_6595b64144ccf1df_5.82.7601.18201_none_a4d3b9377117c3df\COMCTL32.dll
0x000007fefde60000 - 0x000007fefdef7000 	C:\windows\system32\comdlg32.dll
0x000007fefdb60000 - 0x000007fefdbd1000 	C:\windows\system32\SHLWAPI.dll
0x000007fefebe0000 - 0x000007feff968000 	C:\windows\system32\SHELL32.dll
0x000007fefacd0000 - 0x000007feface6000 	C:\windows\system32\NETAPI32.dll
0x000007fefacb0000 - 0x000007fefacbc000 	C:\windows\system32\netutils.dll
0x000007fefd070000 - 0x000007fefd093000 	C:\windows\system32\srvcli.dll
0x000007fefac60000 - 0x000007fefac75000 	C:\windows\system32\wkscli.dll
0x000007fefeb70000 - 0x000007fefebbd000 	C:\windows\system32\WS2_32.dll
0x000007fefde50000 - 0x000007fefde58000 	C:\windows\system32\NSI.dll
0x0000000001860000 - 0x00000000018b5000 	C:\Program Files\MATLAB\R2008a\bin\win64\mcr.dll
0x00000000018d0000 - 0x00000000018f5000 	C:\Program Files\MATLAB\R2008a\bin\win64\iqm.dll
0x0000000001910000 - 0x0000000001931000 	C:\Program Files\MATLAB\R2008a\bin\win64\bridge.dll
0x0000000001950000 - 0x0000000001961000 	C:\Program Files\MATLAB\R2008a\bin\win64\libmex.dll
0x0000000001980000 - 0x0000000001a0c000 	C:\Program Files\MATLAB\R2008a\bin\win64\m_dispatcher.dll
0x0000000001a20000 - 0x0000000001a45000 	C:\Program Files\MATLAB\R2008a\bin\win64\datasvcs.dll
0x0000000012000000 - 0x0000000012295000 	C:\Program Files\MATLAB\R2008a\bin\win64\xerces-c_2_7.dll
0x0000000001a70000 - 0x0000000002301000 	C:\Program Files\MATLAB\R2008a\bin\win64\m_interpreter.dll
0x0000000002320000 - 0x0000000002351000 	C:\Program Files\MATLAB\R2008a\bin\win64\libmat.dll
0x0000000002370000 - 0x0000000002475000 	C:\Program Files\MATLAB\R2008a\bin\win64\libhdf5.dll
0x0000000002480000 - 0x00000000024ef000 	C:\Program Files\MATLAB\R2008a\bin\win64\profiler.dll
0x0000000002500000 - 0x000000000250a000 	C:\Program Files\MATLAB\R2008a\bin\win64\libmwmathrng.dll
0x0000000002520000 - 0x000000000253a000 	C:\Program Files\MATLAB\R2008a\bin\win64\m_pcodeio.dll
0x0000000002550000 - 0x000000000259a000 	C:\Program Files\MATLAB\R2008a\bin\win64\m_ir.dll
0x00000000025b0000 - 0x0000000002b6b000 	C:\Program Files\MATLAB\R2008a\bin\win64\m_parser.dll
0x0000000002b80000 - 0x0000000002b92000 	C:\Program Files\MATLAB\R2008a\bin\win64\ir_xfmr.dll
0x0000000002bb0000 - 0x0000000002dcb000 	C:\Program Files\MATLAB\R2008a\bin\win64\mcos.dll
0x0000000002de0000 - 0x0000000002dec000 	C:\Program Files\MATLAB\R2008a\bin\win64\mtok.dll
0x0000000002e00000 - 0x0000000002e20000 	C:\Program Files\MATLAB\R2008a\bin\win64\m_pcodegen.dll
0x000007fefad00000 - 0x000007fefae25000 	C:\windows\system32\dbghelp.dll
0x0000000002e30000 - 0x0000000002e40000 	C:\Program Files\MATLAB\R2008a\bin\win64\boost_thread-vc80-mt-1_34_1.dll
0x0000000002e50000 - 0x0000000002f10000 	C:\Program Files\MATLAB\R2008a\bin\win64\udd.dll
0x0000000002f20000 - 0x0000000003062000 	C:\Program Files\MATLAB\R2008a\bin\win64\libmwgui.dll
0x0000000003080000 - 0x00000000032ba000 	C:\Program Files\MATLAB\R2008a\bin\win64\hg.dll
0x00000000032d0000 - 0x0000000003326000 	C:\Program Files\MATLAB\R2008a\bin\win64\jmi.dll
0x0000000003340000 - 0x000000000337e000 	C:\Program Files\MATLAB\R2008a\bin\win64\libmwhardcopy.dll
0x0000000003390000 - 0x00000000033ec000 	C:\Program Files\MATLAB\R2008a\bin\win64\libuij.dll
0x0000000003400000 - 0x000000000368c000 	C:\Program Files\MATLAB\R2008a\bin\win64\numerics.dll
0x00000000036a0000 - 0x00000000036ac000 	C:\Program Files\MATLAB\R2008a\bin\win64\libmwblas.dll
0x00000000036c0000 - 0x00000000036cf000 	C:\Program Files\MATLAB\R2008a\bin\win64\libmwbinder.dll
0x00000000036e0000 - 0x0000000003704000 	C:\Program Files\MATLAB\R2008a\bin\win64\libmwlapack.dll
0x0000000003720000 - 0x000000000372b000 	C:\Program Files\MATLAB\R2008a\bin\win64\libmwfftw.dll
0x0000000003740000 - 0x0000000003775000 	C:\Program Files\MATLAB\R2008a\bin\win64\libmwrookfastbp.dll
0x0000000003790000 - 0x00000000037be000 	C:\Program Files\MATLAB\R2008a\bin\win64\libmwma57.dll
0x0000000010000000 - 0x00000000100d3000 	C:\Program Files\MATLAB\R2008a\bin\win64\libifcoremd.dll
0x00000000037d0000 - 0x00000000039ed000 	C:\Program Files\MATLAB\R2008a\bin\win64\libmmd.dll
0x00000000039f0000 - 0x00000000039f9000 	C:\Program Files\MATLAB\R2008a\bin\win64\libmwcsparse.dll
0x0000000003a10000 - 0x0000000003ada000 	C:\Program Files\MATLAB\R2008a\bin\win64\libmwumfpack.dll
0x0000000003af0000 - 0x0000000003afd000 	C:\Program Files\MATLAB\R2008a\bin\win64\libmwamd.dll
0x0000000003b10000 - 0x0000000003ba2000 	C:\Program Files\MATLAB\R2008a\bin\win64\libmwcholmod.dll
0x0000000003bc0000 - 0x0000000003bcc000 	C:\Program Files\MATLAB\R2008a\bin\win64\libmwcolamd.dll
0x0000000003be0000 - 0x0000000003c99000 	C:\Program Files\MATLAB\R2008a\bin\win64\uiw.dll
0x0000000003cb0000 - 0x0000000003cba000 	C:\Program Files\MATLAB\R2008a\bin\win64\uinone.dll
0x000000005a9e0000 - 0x000000005ab7c000 	C:\windows\WinSxS\amd64_microsoft.vc80.mfc_1fc8b3b9a1e18e3b_8.0.50727.6195_none_8448b2bd328df189\MFC80.DLL
0x000007fefa8d0000 - 0x000007fefa941000 	C:\windows\system32\WINSPOOL.DRV
0x000007fefe2d0000 - 0x000007fefe4d3000 	C:\windows\system32\ole32.dll
0x000007fefe0e0000 - 0x000007fefe1b7000 	C:\windows\system32\OLEAUT32.dll
0x0000000003cd0000 - 0x0000000003d60000 	C:\Program Files\MATLAB\R2008a\bin\win64\udd_mi.dll
0x0000000003d70000 - 0x0000000003d88000 	C:\Program Files\MATLAB\R2008a\bin\win64\mwoles05.DLL
0x0000000003da0000 - 0x0000000003e09000 	C:\Program Files\MATLAB\R2008a\bin\win64\comcli.dll
0x000000006b190000 - 0x000000006b1b0000 	C:\windows\WinSxS\amd64_microsoft.vc80.atl_1fc8b3b9a1e18e3b_8.0.50727.6195_none_8a1dd9552ed7f8d8\ATL80.DLL
0x0000000003e20000 - 0x0000000003e2e000 	C:\Program Files\MATLAB\R2008a\bin\win64\mlautoregister.dll
0x000007fefda00000 - 0x000007fefda2e000 	C:\windows\system32\IMM32.DLL
0x000007fefe4e0000 - 0x000007fefe5e9000 	C:\windows\system32\MSCTF.dll
0x00000000075a0000 - 0x0000000007f6e000 	C:\Program Files\MATLAB\R2008a\bin\win64\mkl.dll
0x00000000040b0000 - 0x00000000040fb000 	C:\Program Files\MATLAB\R2008a\bin\win64\libguide40.dll
0x0000000004100000 - 0x0000000004108000 	C:\Program Files\MATLAB\R2008a\bin\win64\mklcompat.dll
0x0000000007f70000 - 0x0000000008517000 	C:\Program Files\MATLAB\R2008a\bin\win64\mllapack.dll
0x0000000007090000 - 0x0000000007184000 	C:\Program Files\MATLAB\R2008a\bin\win64\libfftw3i.dll
0x0000000007190000 - 0x000000000727e000 	C:\Program Files\MATLAB\R2008a\bin\win64\libfftw3f.dll
0x000000006da50000 - 0x000000006da5b000 	C:\windows\WinSxS\amd64_microsoft.vc80.mfcloc_1fc8b3b9a1e18e3b_8.0.50727.6195_none_bc20f59b0bdd1acd\MFC80JPN.DLL
0x000007fefbad0000 - 0x000007fefbb26000 	C:\windows\system32\uxtheme.dll
0x000007fefd460000 - 0x000007fefd4b7000 	C:\windows\system32\apphelp.dll
0x000007fef86c0000 - 0x000007fef87e9000 	C:\windows\system32\imjp14.ime
0x0000000073170000 - 0x0000000073213000 	C:\windows\WinSxS\amd64_microsoft.vc90.crt_1fc8b3b9a1e18e3b_9.0.30729.6161_none_08e61857a83bc251\MSVCR90.dll
0x0000000073090000 - 0x0000000073163000 	C:\windows\WinSxS\amd64_microsoft.vc90.crt_1fc8b3b9a1e18e3b_9.0.30729.6161_none_08e61857a83bc251\MSVCP90.dll
0x000007fef7c40000 - 0x000007fef7dae000 	C:\windows\system32\imjp14k.dll
0x000007fefc6c0000 - 0x000007fefc6cc000 	C:\windows\system32\VERSION.dll
0x000007fefd5d0000 - 0x000007fefd5df000 	C:\windows\system32\profapi.dll
0x000007fefd4c0000 - 0x000007fefd4cf000 	C:\windows\system32\CRYPTBASE.dll
0x000007fefbf80000 - 0x000007fefc174000 	C:\windows\WinSxS\amd64_microsoft.windows.common-controls_6595b64144ccf1df_6.0.7601.17514_none_fa396087175ac9ac\comctl32.dll
0x000007fefdf00000 - 0x000007fefe0d7000 	C:\windows\system32\SETUPAPI.dll
0x000007fefd790000 - 0x000007fefd7c6000 	C:\windows\system32\CFGMGR32.dll
0x000007fefd870000 - 0x000007fefd88a000 	C:\windows\system32\DEVOBJ.dll
0x000007fefe230000 - 0x000007fefe2c9000 	C:\windows\system32\CLBCatQ.DLL
0x000007fefbc70000 - 0x000007fefbd9c000 	C:\windows\system32\propsys.dll
0x000007fefbb90000 - 0x000007fefbbbd000 	C:\windows\system32\ntmarta.dll
0x000007feffad0000 - 0x000007feffb22000 	C:\windows\system32\WLDAP32.dll
0x000007fefac80000 - 0x000007fefaca7000 	C:\windows\system32\iphlpapi.dll
0x000007fefac30000 - 0x000007fefac3b000 	C:\windows\system32\WINNSI.DLL
0x000007fefcc40000 - 0x000007fefcc9b000 	C:\windows\system32\DNSAPI.dll
0x000007fefa0c0000 - 0x000007fefa0d1000 	C:\windows\system32\dhcpcsvc6.DLL
0x000007fefa0a0000 - 0x000007fefa0b8000 	C:\windows\system32\dhcpcsvc.DLL
0x000000006f1e0000 - 0x000000006f1e3000 	C:\windows\system32\icmp.Dll
0x000000000eff0000 - 0x000000000f541000 	C:\Program Files\MATLAB\R2008a\sys\java\jre\win64\jre1.6.0\bin\server\jvm.dll
0x000007fefbb50000 - 0x000007fefbb8b000 	C:\windows\system32\WINMM.dll
0x0000000006cf0000 - 0x0000000006cfa000 	C:\Program Files\MATLAB\R2008a\sys\java\jre\win64\jre1.6.0\bin\hpi.dll
0x000007fef2a40000 - 0x000007fef2ba2000 	C:\PROGRA~1\COMMON~1\MICROS~1\IME14\IMEJP\IMJPAPI.DLL
0x0000000006ea0000 - 0x0000000006eae000 	C:\Program Files\MATLAB\R2008a\sys\java\jre\win64\jre1.6.0\bin\verify.dll

VM Arguments:
jvm_args: -Xss512k -XX:PermSize=32M -Xms64m -XX:NewRatio=3 -XX:MaxPermSize=128M -Xmx196m -XX:MaxDirectMemorySize=2147400000 -Dsun.java2d.noddraw=true -Dsun.awt.nopixfmt=true -Xshare:off -Xrs -Djava.library.path=C:\Program Files\MATLAB\R2008a\bin\win64 vfprintf abort
java_command: <unknown>
Launcher Type: generic

Environment Variables:
CLASSPATH=.;C:\Program Files (x86)\Java\jre7\lib\ext\QTJava.zip
PATH=C:\Program Files\Common Files\Microsoft Shared\Windows Live;C:\Program Files (x86)\Common Files\Microsoft Shared\Windows Live;c:\Program Files (x86)\Intel\iCLS Client\;c:\Program Files\Intel\iCLS Client\;C:\Program Files (x86)\NVIDIA Corporation\PhysX\Common;C:\windows\system32;C:\windows;C:\windows\System32\Wbem;C:\windows\System32\WindowsPowerShell\v1.0\;C:\Program Files\Intel\Intel(R) Management Engine Components\DAL;C:\Program Files\Intel\Intel(R) Management Engine Components\IPT;C:\Program Files (x86)\Intel\Intel(R) Management Engine Components\DAL;C:\Program Files (x86)\Intel\Intel(R) Management Engine Components\IPT;C:\Program Files (x86)\Windows Live\Shared;c:\Program Files (x86)\Microsoft SQL Server\100\Tools\Binn\;c:\Program Files (x86)\Microsoft SQL Server\100\DTS\Binn\;C:\Program Files (x86)\Toshiba\Bluetooth Toshiba Stack\sys\;C:\Program Files (x86)\Toshiba\Bluetooth Toshiba Stack\sys\x64\;C:\Program Files\MATLAB\R2013a\runtime\win64;C:\Program Files\MATLAB\R2013a\bin;C:\Program Files\MATLAB\R2008a\bin;C:\Program Files\MATLAB\R2008a\bin\win64;C:\Program Files (x86)\QuickTime\QTSystem\;C:\Program Files\Microsoft Windows Performance Toolkit\;C:\Program Files (x86)\OpenCV\bin;
USERNAME=cell
OS=Windows_NT
PROCESSOR_IDENTIFIER=Intel64 Family 6 Model 58 Stepping 9, GenuineIntel



---------------  S Y S T E M  ---------------

OS: Windows NT 6.1 Build 7601 Service Pack 1

CPU:total 8 em64t ht

Memory: 4k page, physical 16733604k(9783780k free), swap 33465344k(24644164k free)

vm_info: Java HotSpot(TM) 64-Bit Server VM (1.6.0-b105) for windows-amd64, built on Nov 29 2006 00:38:01 by "java_re" with unknown MS VC++:1400

